<?xml version="1.0" encoding="UTF-8"?>
<testng-results ignored="0" total="1" passed="1" failed="0" skipped="0">
  <reporter-output>
  </reporter-output>
  <suite started-at="2024-03-13T14:37:41 IST" name="Default suite" finished-at="2024-03-13T14:37:41 IST" duration-ms="75">
    <groups>
    </groups>
    <test started-at="2024-03-13T14:37:41 IST" name="Default test" finished-at="2024-03-13T14:37:41 IST" duration-ms="75">
      <class name="Assert.SoftAsserts">
        <test-method signature="sample1()[pri:0, instance:Assert.SoftAsserts@15c43bd9]" started-at="2024-03-13T14:37:41 IST" name="sample1" finished-at="2024-03-13T14:37:41 IST" duration-ms="17" status="PASS">
          <reporter-output>
          </reporter-output>
        </test-method> <!-- sample1 -->
      </class> <!-- Assert.SoftAsserts -->
    </test> <!-- Default test -->
  </suite> <!-- Default suite -->
</testng-results>
